2026-06-18T19:24:00.881+02:00  INFO 12612 --- [g_67_shop] [main] de.ait.g_67_shop.G67ShopApplication      : Starting G67ShopApplication using Java 21.0.11 with PID 12612 (N:\02_intellij-workspace\05_ait_project_servlet\g_67_shop\target\classes started by vasyl in N:\02_intellij-workspace\05_ait_project_servlet\g_67_shop)
2026-06-18T19:24:00.882+02:00  INFO 12612 --- [g_67_shop] [main] de.ait.g_67_shop.G67ShopApplication      : The following 1 profile is active: "dev"
2026-06-18T19:24:01.574+02:00  INFO 12612 --- [g_67_shop] [main] .s.d.r.c.RepositoryConfigurationDelegate : Bootstrapping Spring Data JPA repositories in DEFAULT mode.
2026-06-18T19:24:01.604+02:00  INFO 12612 --- [g_67_shop] [main] .s.d.r.c.RepositoryConfigurationDelegate : Finished Spring Data repository scanning in 34 ms. Found 3 JPA repository interfaces.
2026-06-18T19:24:02.282+02:00  INFO 12612 --- [g_67_shop] [main] o.s.boot.tomcat.TomcatWebServer          : Tomcat initialized with port 8080 (http)
2026-06-18T19:24:02.297+02:00  INFO 12612 --- [g_67_shop] [main] o.apache.catalina.core.StandardService   : Starting service [Tomcat]
2026-06-18T19:24:02.297+02:00  INFO 12612 --- [g_67_shop] [main] o.apache.catalina.core.StandardEngine    : Starting Servlet engine: [Apache Tomcat/11.0.21]
2026-06-18T19:24:02.344+02:00  INFO 12612 --- [g_67_shop] [main] b.w.c.s.WebApplicationContextInitializer : Root WebApplicationContext: initialization completed in 1425 ms
2026-06-18T19:24:02.557+02:00  INFO 12612 --- [g_67_shop] [main] com.zaxxer.hikari.HikariDataSource       : HikariPool-1 - Starting...
2026-06-18T19:24:02.681+02:00  INFO 12612 --- [g_67_shop] [main] com.zaxxer.hikari.pool.HikariPool        : HikariPool-1 - Added connection org.postgresql.jdbc.PgConnection@4e4d0a0b
2026-06-18T19:24:02.682+02:00  INFO 12612 --- [g_67_shop] [main] com.zaxxer.hikari.HikariDataSource       : HikariPool-1 - Start completed.
2026-06-18T19:24:02.770+02:00  INFO 12612 --- [g_67_shop] [main] liquibase.database                       : Set default schema name to public
2026-06-18T19:24:03.862+02:00  INFO 12612 --- [g_67_shop] [main] liquibase.changelog                      : Reading from public.databasechangelog
2026-06-18T19:24:04.225+02:00  INFO 12612 --- [g_67_shop] [main] liquibase.lockservice                    : Successfully acquired change log lock
2026-06-18T19:24:04.226+02:00  INFO 12612 --- [g_67_shop] [main] liquibase.command                        : Using deploymentId: 1803442543
2026-06-18T19:24:04.229+02:00  INFO 12612 --- [g_67_shop] [main] liquibase.changelog                      : Reading from public.databasechangelog
2026-06-18T19:24:04.240+02:00  INFO 12612 --- [g_67_shop] [main] liquibase.ui                             : Running Changeset: db/changelog/v.0.6.0/01_create-table-confirmation-code.xml::create-table-confirmation-code::avasylenko
2026-06-18T19:24:04.260+02:00  INFO 12612 --- [g_67_shop] [main] liquibase.changelog                      : Table confirmation_code created
2026-06-18T19:24:04.263+02:00  INFO 12612 --- [g_67_shop] [main] liquibase.changelog                      : ChangeSet db/changelog/v.0.6.0/01_create-table-confirmation-code.xml::create-table-confirmation-code::avasylenko ran successfully in 23ms
2026-06-18T19:24:04.271+02:00  INFO 12612 --- [g_67_shop] [main] liquibase.ui                             : Running Changeset: db/changelog/v.0.6.0/02_add-foreign-key-confirmation-code-to-account.xml::add-foreign-key-confirmation-code-to-account::avasylenko
2026-06-18T19:24:04.274+02:00  INFO 12612 --- [g_67_shop] [main] liquibase.changelog                      : Foreign key constraint added to confirmation_code (account_id)
2026-06-18T19:24:04.276+02:00  INFO 12612 --- [g_67_shop] [main] liquibase.changelog                      : ChangeSet db/changelog/v.0.6.0/02_add-foreign-key-confirmation-code-to-account.xml::add-foreign-key-confirmation-code-to-account::avasylenko ran successfully in 5ms
2026-06-18T19:24:04.283+02:00  INFO 12612 --- [g_67_shop] [main] liquibase.util                           : UPDATE SUMMARY
2026-06-18T19:24:04.283+02:00  INFO 12612 --- [g_67_shop] [main] liquibase.util                           : Run:                          2
2026-06-18T19:24:04.283+02:00  INFO 12612 --- [g_67_shop] [main] liquibase.util                           : Previously run:              10
2026-06-18T19:24:04.283+02:00  INFO 12612 --- [g_67_shop] [main] liquibase.util                           : Filtered out:                 0
2026-06-18T19:24:04.283+02:00  INFO 12612 --- [g_67_shop] [main] liquibase.util                           : -------------------------------
2026-06-18T19:24:04.283+02:00  INFO 12612 --- [g_67_shop] [main] liquibase.util                           : Total change sets:           12
2026-06-18T19:24:04.283+02:00  INFO 12612 --- [g_67_shop] [main] liquibase.util                           : Update summary generated
2026-06-18T19:24:04.283+02:00  INFO 12612 --- [g_67_shop] [main] liquibase.command                        : Update command completed successfully.
2026-06-18T19:24:04.283+02:00  INFO 12612 --- [g_67_shop] [main] liquibase.ui                             : Liquibase: Update has been successful. Rows affected: 0
2026-06-18T19:24:04.294+02:00  INFO 12612 --- [g_67_shop] [main] liquibase.lockservice                    : Successfully released change log lock
2026-06-18T19:24:04.295+02:00  INFO 12612 --- [g_67_shop] [main] liquibase.command                        : Command execution complete
2026-06-18T19:24:04.472+02:00  INFO 12612 --- [g_67_shop] [main] org.hibernate.orm.jpa                    : HHH008540: Processing PersistenceUnitInfo [name: default]
2026-06-18T19:24:04.518+02:00  INFO 12612 --- [g_67_shop] [main] org.hibernate.orm.core                   : HHH000001: Hibernate ORM core version 7.2.12.Final
2026-06-18T19:24:04.837+02:00  INFO 12612 --- [g_67_shop] [main] o.s.o.j.p.SpringPersistenceUnitInfo      : No LoadTimeWeaver setup: ignoring JPA class transformer
2026-06-18T19:24:04.893+02:00  INFO 12612 --- [g_67_shop] [main] org.hibernate.orm.connections.pooling    : HHH10001005: Database info:
	Database JDBC URL [jdbc:postgresql://localhost:5432/g_67_shop]
	Database driver: PostgreSQL JDBC Driver
	Database dialect: PostgreSQLDialect
	Database version: 18.0
	Default catalog/schema: g_67_shop/public
	Autocommit mode: undefined/unknown
	Isolation level: READ_COMMITTED [default READ_COMMITTED]
	JDBC fetch size: none
	Pool: DataSourceConnectionProvider
	Minimum pool size: undefined/unknown
	Maximum pool size: undefined/unknown
2026-06-18T19:24:05.541+02:00  INFO 12612 --- [g_67_shop] [main] org.hibernate.orm.core                   : HHH000489: No JTA platform available (set 'hibernate.transaction.jta.platform' to enable JTA platform integration)
2026-06-18T19:24:05.549+02:00  INFO 12612 --- [g_67_shop] [main] j.LocalContainerEntityManagerFactoryBean : Initialized JPA EntityManagerFactory for persistence unit 'default'
2026-06-18T19:24:05.693+02:00  INFO 12612 --- [g_67_shop] [main] o.s.d.j.r.query.QueryEnhancerFactories   : Hibernate is in classpath; If applicable, HQL parser will be used.
2026-06-18T19:24:07.017+02:00  WARN 12612 --- [g_67_shop] [main] JpaBaseConfiguration$JpaWebConfiguration : spring.jpa.open-in-view is enabled by default. Therefore, database queries may be performed during view rendering. Explicitly configure spring.jpa.open-in-view to disable this warning
2026-06-18T19:24:07.100+02:00  INFO 12612 --- [g_67_shop] [main] r$InitializeUserDetailsManagerConfigurer : Global AuthenticationManager configured with UserDetailsService bean with name userServiceImpl
2026-06-18T19:24:07.948+02:00  WARN 12612 --- [g_67_shop] [main] o.s.b.f.a.FreeMarkerAutoConfiguration    : Cannot find template location: [classpath:/templates/] (please add some templates, check your FreeMarker configuration, or set spring.freemarker.check-template-location=false)
2026-06-18T19:24:08.050+02:00  INFO 12612 --- [g_67_shop] [main] o.s.boot.tomcat.TomcatWebServer          : Tomcat started on port 8080 (http) with context path '/'
2026-06-18T19:24:08.057+02:00  INFO 12612 --- [g_67_shop] [main] de.ait.g_67_shop.G67ShopApplication      : Started G67ShopApplication in 7.553 seconds (process running for 10.387)
2026-06-18T19:24:08.065+02:00  WARN 12612 --- [g_67_shop] [main] o.s.core.events.SpringDocAppInitializer  : SpringDoc /v3/api-docs endpoint is enabled by default. To disable it in production, set the property 'springdoc.api-docs.enabled=false'
2026-06-18T19:24:08.065+02:00  WARN 12612 --- [g_67_shop] [main] o.s.core.events.SpringDocAppInitializer  : SpringDoc /swagger-ui.html endpoint is enabled by default. To disable it in production, set the property 'springdoc.swagger-ui.enabled=false'
2026-06-18T19:24:33.647+02:00  INFO 12612 --- [g_67_shop] [SpringApplicationShutdownHook] o.s.boot.tomcat.GracefulShutdown         : Commencing graceful shutdown. Waiting for active requests to complete
2026-06-18T19:24:33.657+02:00  INFO 12612 --- [g_67_shop] [tomcat-shutdown] o.s.boot.tomcat.GracefulShutdown         : Graceful shutdown complete
2026-06-18T19:24:33.660+02:00  INFO 12612 --- [g_67_shop] [SpringApplicationShutdownHook] j.LocalContainerEntityManagerFactoryBean : Closing JPA EntityManagerFactory for persistence unit 'default'
2026-06-18T19:24:33.662+02:00  INFO 12612 --- [g_67_shop] [SpringApplicationShutdownHook] com.zaxxer.hikari.HikariDataSource       : HikariPool-1 - Shutdown initiated...
2026-06-18T19:24:33.663+02:00  INFO 12612 --- [g_67_shop] [SpringApplicationShutdownHook] com.zaxxer.hikari.HikariDataSource       : HikariPool-1 - Shutdown completed.
